<?xml version="1.0" encoding="UTF-8"?>
<testng-results skipped="0" failed="0" total="1" passed="1">
  <reporter-output>
  </reporter-output>
  <suite name="Default suite" duration-ms="47528" started-at="2017-01-14T18:45:37Z" finished-at="2017-01-14T18:46:25Z">
    <groups>
    </groups>
    <test name="Default test" duration-ms="47528" started-at="2017-01-14T18:45:37Z" finished-at="2017-01-14T18:46:25Z">
      <class name="com.upermits.scripts.Loginlogout">
        <test-method status="PASS" signature="preCondition()[pri:0, instance:com.upermits.scripts.Loginlogout@7e0babb1]" name="preCondition" is-config="true" duration-ms="14801" started-at="2017-01-15T00:15:37Z" finished-at="2017-01-15T00:15:52Z">
          <reporter-output>
          </reporter-output>
        </test-method> <!-- preCondition -->
        <test-method status="PASS" signature="loginLogot()[pri:0, instance:com.upermits.scripts.Loginlogout@7e0babb1]" name="loginLogot" duration-ms="30566" started-at="2017-01-15T00:15:52Z" finished-at="2017-01-15T00:16:23Z">
          <reporter-output>
          </reporter-output>
        </test-method> <!-- loginLogot -->
        <test-method status="PASS" signature="postCondition()[pri:0, instance:com.upermits.scripts.Loginlogout@7e0babb1]" name="postCondition" is-config="true" duration-ms="2130" started-at="2017-01-15T00:16:23Z" finished-at="2017-01-15T00:16:25Z">
          <reporter-output>
          </reporter-output>
        </test-method> <!-- postCondition -->
      </class> <!-- com.upermits.scripts.Loginlogout -->
    </test> <!-- Default test -->
  </suite> <!-- Default suite -->
</testng-results>
